<?xml version="1.0" encoding="UTF-8"?>
<!-- Generated by org.testng.reporters.JUnitReportReporter -->
<testsuite hostname="LAPTOP-6OHQCMON" failures="0" tests="1" name="org.testCases.LoginPage" time="6.440" errors="0" timestamp="15 Sep 2022 13:12:47 GMT" skipped="0">
  <testcase classname="org.testCases.LoginPage" name="testCase_001" time="6.440"/>
</testsuite> <!-- org.testCases.LoginPage -->
